<?xml version="1.0" encoding="UTF-8"?>
<robot generator="Robot 7.0 (Python 3.12.3 on win32)" generated="2024-05-29T17:36:08.145151" rpa="false" schemaversion="5">
<suite id="s1" name="telaInicial" source="c:\Users\Tatiane\DEV\Raro-QA\Atividade 9\atividade9-academy-TATIANE-CAVICHIOLE-DO-NASCIMENTO\android\features\telaInicial.robot">
<test id="s1-t1" name="CT006 - Deve exibir o botao de indicar amigos na tela inicial" line="29">
<kw name="Open app" owner="config" type="SETUP">
<kw name="Open Application" owner="AppiumLibrary">
<arg>http://127.0.0.1:4723</arg>
<arg>automationName=${ANDROID_AUTOMATION_NAME}</arg>
<arg>platformName=${ANDROID_PLATFORM_NAME}</arg>
<arg>platformVersion=${ANDROID_PLATFORM_VERSION}</arg>
<arg>appActivity=${ANDROID_APP_ACTIVITY}</arg>
<arg>appPackage=${ANDROID_APP_PACKAGE}</arg>
<doc>Opens a new application to given Appium server.
Capabilities of appium server, Android and iOS,
Please check https://github.com/appium/appium/blob/master/docs/en/writing-running-appium/server-args.md
| *Option*            | *Man.* | *Description*     |
| remote_url          | Yes    | Appium server url |
| alias               | no     | alias             |
| strict_ssl          | No     | allows you to send commands to an invalid certificate host like a self-signed one. |</doc>
<status status="PASS" start="2024-05-29T17:36:08.379427" elapsed="8.325342"/>
</kw>
<status status="PASS" start="2024-05-29T17:36:08.378777" elapsed="8.326992"/>
</kw>
<kw name="Quando o usuário clicar no botao de indicar amigos" owner="nubankPage">
<kw name="Espera o elemento e faz o click" owner="commons">
<kw name="Wait Until Element Is Visible" owner="AppiumLibrary">
<msg time="2024-05-29T17:36:17.411818" level="INFO">xpath criteria: //android.widget.ScrollView/android.widget.Button[3]</msg>
<arg>${elemento}</arg>
<doc>Waits until element specified with `locator` is visible.</doc>
<status status="PASS" start="2024-05-29T17:36:16.706770" elapsed="0.707069"/>
</kw>
<kw name="Click Element" owner="AppiumLibrary">
<msg time="2024-05-29T17:36:17.415838" level="INFO">Clicking element 'xpath=//android.widget.ScrollView/android.widget.Button[3]'.</msg>
<msg time="2024-05-29T17:36:17.510069" level="INFO">xpath criteria: //android.widget.ScrollView/android.widget.Button[3]</msg>
<arg>${elemento}</arg>
<doc>Click element identified by `locator`.</doc>
<status status="PASS" start="2024-05-29T17:36:17.413839" elapsed="0.096230"/>
</kw>
<arg>${BUTTON_CONVITE}</arg>
<status status="PASS" start="2024-05-29T17:36:16.706770" elapsed="0.803299"/>
</kw>
<status status="PASS" start="2024-05-29T17:36:16.705769" elapsed="0.804300"/>
</kw>
<kw name="Então deverá ser redirecionado para tela de convite" owner="nubankPage">
<kw name="Wait Until Element Is Visible" owner="AppiumLibrary">
<msg time="2024-05-29T17:36:18.661596" level="INFO">xpath criteria: //android.widget.ImageView[contains(@content-desc,"Resgate seus amigos da fila do banco")]
xpath criteria: //android.widget.ImageView[contains(@content-desc,"Resgate seus amigos da fila do banco")]</msg>
<arg>${TELA_CONVITE}</arg>
<doc>Waits until element specified with `locator` is visible.</doc>
<status status="PASS" start="2024-05-29T17:36:17.511573" elapsed="1.151025"/>
</kw>
<kw name="Verifica se contem o text no content-desc" owner="commons">
<kw name="Get Element Attribute" owner="AppiumLibrary">
<msg time="2024-05-29T17:36:18.707500" level="INFO">Element 'xpath=//android.widget.ImageView[contains(@content-desc,"Resgate seus amigos da fila do banco")]' attribute 'content-desc' value 'Resgate seus amigos da fila do banco
Para cada indicação aceita, um amigo salvo da burocracia' </msg>
<msg time="2024-05-29T17:36:18.707500" level="INFO">xpath criteria: //android.widget.ImageView[contains(@content-desc,"Resgate seus amigos da fila do banco")]</msg>
<msg time="2024-05-29T17:36:18.707500" level="INFO">${contentDesc} = Resgate seus amigos da fila do banco
Para cada indicação aceita, um amigo salvo da burocracia</msg>
<var>${contentDesc}</var>
<arg>${elemento}</arg>
<arg>content-desc</arg>
<doc>Get element attribute using given attribute: name, value,...</doc>
<status status="PASS" start="2024-05-29T17:36:18.663101" elapsed="0.045400"/>
</kw>
<kw name="Should Contain" owner="BuiltIn">
<arg>${contentDesc}</arg>
<arg>${text}</arg>
<doc>Fails if ``container`` does not contain ``item`` one or more times.</doc>
<status status="PASS" start="2024-05-29T17:36:18.708501" elapsed="0.000000"/>
</kw>
<arg>${TELA_CONVITE}</arg>
<arg>Resgate seus amigos da fila do banco</arg>
<status status="PASS" start="2024-05-29T17:36:18.663101" elapsed="0.045400"/>
</kw>
<status status="PASS" start="2024-05-29T17:36:17.510069" elapsed="1.198432"/>
</kw>
<kw name="Teardown" owner="config" type="TEARDOWN">
<kw name="Run Keyword If Test Failed" owner="BuiltIn">
<arg>Capture Page Screenshot</arg>
<doc>Runs the given keyword with the given arguments, if the test failed.</doc>
<status status="PASS" start="2024-05-29T17:36:18.709501" elapsed="0.000000"/>
</kw>
<kw name="Close All Applications" owner="AppiumLibrary">
<doc>Closes all open applications.</doc>
<status status="PASS" start="2024-05-29T17:36:18.709501" elapsed="0.653041"/>
</kw>
<status status="PASS" start="2024-05-29T17:36:18.709501" elapsed="0.653041"/>
</kw>
<status status="PASS" start="2024-05-29T17:36:08.376879" elapsed="10.986166"/>
</test>
<status status="PASS" start="2024-05-29T17:36:08.149291" elapsed="11.215346"/>
</suite>
<statistics>
<total>
<stat pass="1" fail="0" skip="0">All Tests</stat>
</total>
<tag>
</tag>
<suite>
<stat pass="1" fail="0" skip="0" id="s1" name="telaInicial">telaInicial</stat>
</suite>
</statistics>
<errors>
</errors>
</robot>
